2023-11-10 14:21:36,718 DEBUG    root            Loaded Command Group: ['gcloud', 'components']
2023-11-10 14:21:36,721 DEBUG    root            Loaded Command Group: ['gcloud', 'components', 'update']
2023-11-10 14:21:36,723 DEBUG    root            Running [gcloud.components.update] with arguments: [--quiet: "True", COMPONENT-IDS:8: "['gcloud', 'core', 'bq', 'gsutil', 'compute', 'preview', 'alpha', 'beta']"]
2023-11-10 14:21:36,724 INFO     ___FILE_ONLY___ Beginning update. This process may take several minutes.

2023-11-10 14:21:36,730 DEBUG    urllib3.connectionpool Starting new HTTPS connection (1): dl.google.com:443
2023-11-10 14:21:36,822 DEBUG    urllib3.connectionpool https://dl.google.com:443 "GET /dl/cloudsdk/channels/rapid/components-2.json HTTP/1.1" 200 209938
2023-11-10 14:21:36,843 WARNING  root            Component [preview] no longer exists.
2023-11-10 14:21:36,843 WARNING  root            Component [compute] no longer exists.
2023-11-10 14:21:36,844 INFO     ___FILE_ONLY___ 

2023-11-10 14:21:36,845 INFO     ___FILE_ONLY___ 
Your current Google Cloud CLI version is: 454.0.0

2023-11-10 14:21:36,845 INFO     ___FILE_ONLY___ Installing components from version: 454.0.0

2023-11-10 14:21:36,845 INFO     ___FILE_ONLY___ 

2023-11-10 14:21:36,845 DEBUG    root            Chosen display Format:table[box,title="These components will be removed."](details.display_name:label=Name:align=left,version.version_string:label=Version:align=right,data.size.size(zero="",min=1048576):label=Size:align=right)
2023-11-10 14:21:36,846 DEBUG    root            Chosen display Format:table[box,title="These components will be updated."](details.display_name:label=Name:align=left,version.version_string:label=Version:align=right,data.size.size(zero="",min=1048576):label=Size:align=right)
2023-11-10 14:21:36,847 DEBUG    root            Chosen display Format:table[box,title="These components will be installed."](details.display_name:label=Name:align=left,version.version_string:label=Version:align=right,data.size.size(zero="",min=1048576):label=Size:align=right)
2023-11-10 14:21:36,848 INFO     ___FILE_ONLY___ ┌──────────────────────────────────────────────┐
2023-11-10 14:21:36,848 INFO     ___FILE_ONLY___ 

2023-11-10 14:21:36,849 INFO     ___FILE_ONLY___ │     These components will be installed.      │
2023-11-10 14:21:36,849 INFO     ___FILE_ONLY___ 

2023-11-10 14:21:36,849 INFO     ___FILE_ONLY___ ├───────────────────────┬────────────┬─────────┤
2023-11-10 14:21:36,849 INFO     ___FILE_ONLY___ 

2023-11-10 14:21:36,849 INFO     ___FILE_ONLY___ │          Name         │  Version   │   Size  │
2023-11-10 14:21:36,849 INFO     ___FILE_ONLY___ 

2023-11-10 14:21:36,849 INFO     ___FILE_ONLY___ ├───────────────────────┼────────────┼─────────┤
2023-11-10 14:21:36,849 INFO     ___FILE_ONLY___ 

2023-11-10 14:21:36,849 INFO     ___FILE_ONLY___ │ 
2023-11-10 14:21:36,849 INFO     ___FILE_ONLY___ gcloud Alpha Commands
2023-11-10 14:21:36,849 INFO     ___FILE_ONLY___  
2023-11-10 14:21:36,849 INFO     ___FILE_ONLY___ │ 
2023-11-10 14:21:36,849 INFO     ___FILE_ONLY___ 2023.11.03
2023-11-10 14:21:36,850 INFO     ___FILE_ONLY___  
2023-11-10 14:21:36,850 INFO     ___FILE_ONLY___ │ 
2023-11-10 14:21:36,850 INFO     ___FILE_ONLY___ < 1 MiB
2023-11-10 14:21:36,850 INFO     ___FILE_ONLY___  
2023-11-10 14:21:36,850 INFO     ___FILE_ONLY___ │
2023-11-10 14:21:36,850 INFO     ___FILE_ONLY___ 

2023-11-10 14:21:36,850 INFO     ___FILE_ONLY___ │ 
2023-11-10 14:21:36,850 INFO     ___FILE_ONLY___ gcloud Beta Commands 
2023-11-10 14:21:36,850 INFO     ___FILE_ONLY___  
2023-11-10 14:21:36,850 INFO     ___FILE_ONLY___ │ 
2023-11-10 14:21:36,850 INFO     ___FILE_ONLY___ 2023.11.03
2023-11-10 14:21:36,850 INFO     ___FILE_ONLY___  
2023-11-10 14:21:36,850 INFO     ___FILE_ONLY___ │ 
2023-11-10 14:21:36,850 INFO     ___FILE_ONLY___ < 1 MiB
2023-11-10 14:21:36,851 INFO     ___FILE_ONLY___  
2023-11-10 14:21:36,851 INFO     ___FILE_ONLY___ │
2023-11-10 14:21:36,851 INFO     ___FILE_ONLY___ 

2023-11-10 14:21:36,851 INFO     ___FILE_ONLY___ └───────────────────────┴────────────┴─────────┘
2023-11-10 14:21:36,851 INFO     ___FILE_ONLY___ 

2023-11-10 14:21:36,851 INFO     ___FILE_ONLY___ 

2023-11-10 14:21:36,855 DEBUG    urllib3.connectionpool Starting new HTTPS connection (1): dl.google.com:443
2023-11-10 14:21:36,950 DEBUG    urllib3.connectionpool https://dl.google.com:443 "GET /dl/cloudsdk/channels/rapid/RELEASE_NOTES HTTP/1.1" 200 1107648
2023-11-10 14:21:37,066 INFO     ___FILE_ONLY___ For the latest full release notes, please visit:
  https://cloud.google.com/sdk/release_notes


2023-11-10 14:21:37,069 INFO     ___FILE_ONLY___ ╔════════════════════════════════════════════════════════════╗

2023-11-10 14:21:37,069 INFO     ___FILE_ONLY___ ╠═ Creating update staging area                             ═╣

2023-11-10 14:21:37,069 INFO     ___FILE_ONLY___ ╚
2023-11-10 14:21:37,069 INFO     ___FILE_ONLY___ ══════
2023-11-10 14:21:37,748 INFO     ___FILE_ONLY___ ══════
2023-11-10 14:21:37,749 INFO     ___FILE_ONLY___ ══════
2023-11-10 14:21:38,265 INFO     ___FILE_ONLY___ ═
2023-11-10 14:21:38,325 INFO     ___FILE_ONLY___ ═
2023-11-10 14:21:38,376 INFO     ___FILE_ONLY___ ═
2023-11-10 14:21:38,436 INFO     ___FILE_ONLY___ ═
2023-11-10 14:21:38,524 INFO     ___FILE_ONLY___ ═
2023-11-10 14:21:38,600 INFO     ___FILE_ONLY___ ═
2023-11-10 14:21:38,682 INFO     ___FILE_ONLY___ ═
2023-11-10 14:21:38,748 INFO     ___FILE_ONLY___ ═
2023-11-10 14:21:38,815 INFO     ___FILE_ONLY___ ═
2023-11-10 14:21:38,861 INFO     ___FILE_ONLY___ ═
2023-11-10 14:21:38,933 INFO     ___FILE_ONLY___ ═
2023-11-10 14:21:39,003 INFO     ___FILE_ONLY___ ═
2023-11-10 14:21:39,069 INFO     ___FILE_ONLY___ ═
2023-11-10 14:21:39,129 INFO     ___FILE_ONLY___ ═
2023-11-10 14:21:39,199 INFO     ___FILE_ONLY___ ═
2023-11-10 14:21:39,251 INFO     ___FILE_ONLY___ ═
2023-11-10 14:21:39,304 INFO     ___FILE_ONLY___ ═
2023-11-10 14:21:39,360 INFO     ___FILE_ONLY___ ═
2023-11-10 14:21:39,419 INFO     ___FILE_ONLY___ ═
2023-11-10 14:21:39,478 INFO     ___FILE_ONLY___ ═
2023-11-10 14:21:39,547 INFO     ___FILE_ONLY___ ═
2023-11-10 14:21:39,604 INFO     ___FILE_ONLY___ ═
2023-11-10 14:21:39,665 INFO     ___FILE_ONLY___ ═
2023-11-10 14:21:39,824 INFO     ___FILE_ONLY___ ═
2023-11-10 14:21:39,874 INFO     ___FILE_ONLY___ ═
2023-11-10 14:21:39,925 INFO     ___FILE_ONLY___ ═
2023-11-10 14:21:39,993 INFO     ___FILE_ONLY___ ═
2023-11-10 14:21:40,061 INFO     ___FILE_ONLY___ ═
2023-11-10 14:21:40,126 INFO     ___FILE_ONLY___ ═
2023-11-10 14:21:40,198 INFO     ___FILE_ONLY___ ═
2023-11-10 14:21:40,256 INFO     ___FILE_ONLY___ ═
2023-11-10 14:21:40,309 INFO     ___FILE_ONLY___ ═
2023-11-10 14:21:40,359 INFO     ___FILE_ONLY___ ═
2023-11-10 14:21:40,406 INFO     ___FILE_ONLY___ ═
2023-11-10 14:21:40,464 INFO     ___FILE_ONLY___ ═
2023-11-10 14:21:40,540 INFO     ___FILE_ONLY___ ═
2023-11-10 14:21:40,603 INFO     ___FILE_ONLY___ ═
2023-11-10 14:21:40,685 INFO     ___FILE_ONLY___ ═
2023-11-10 14:21:40,863 INFO     ___FILE_ONLY___ ═
2023-11-10 14:21:40,920 INFO     ___FILE_ONLY___ ═
2023-11-10 14:21:40,984 INFO     ___FILE_ONLY___ ═
2023-11-10 14:21:41,066 INFO     ___FILE_ONLY___ ═
2023-11-10 14:21:41,066 INFO     ___FILE_ONLY___ ╝

2023-11-10 14:21:44,385 INFO     ___FILE_ONLY___ ╔════════════════════════════════════════════════════════════╗

2023-11-10 14:21:44,385 INFO     ___FILE_ONLY___ ╠═ Installing: gcloud Alpha Commands                        ═╣

2023-11-10 14:21:44,385 INFO     ___FILE_ONLY___ ╚
2023-11-10 14:21:44,389 DEBUG    urllib3.connectionpool Starting new HTTPS connection (1): dl.google.com:443
2023-11-10 14:21:44,479 DEBUG    urllib3.connectionpool https://dl.google.com:443 "GET /dl/cloudsdk/channels/rapid/components/google-cloud-sdk-alpha-20231103141548.tar.gz HTTP/1.1" 200 800
2023-11-10 14:21:44,480 INFO     ___FILE_ONLY___ ══════════════════════════════
2023-11-10 14:21:44,481 INFO     ___FILE_ONLY___ ══════════════════════════════
2023-11-10 14:21:44,481 INFO     ___FILE_ONLY___ ╝

2023-11-10 14:21:44,490 INFO     ___FILE_ONLY___ ╔════════════════════════════════════════════════════════════╗

2023-11-10 14:21:44,490 INFO     ___FILE_ONLY___ ╠═ Installing: gcloud Beta Commands                         ═╣

2023-11-10 14:21:44,490 INFO     ___FILE_ONLY___ ╚
2023-11-10 14:21:44,494 DEBUG    urllib3.connectionpool Starting new HTTPS connection (1): dl.google.com:443
2023-11-10 14:21:44,587 DEBUG    urllib3.connectionpool https://dl.google.com:443 "GET /dl/cloudsdk/channels/rapid/components/google-cloud-sdk-beta-20231103141548.tar.gz HTTP/1.1" 200 797
2023-11-10 14:21:44,587 INFO     ___FILE_ONLY___ ══════════════════════════════
2023-11-10 14:21:44,588 INFO     ___FILE_ONLY___ ══════════════════════════════
2023-11-10 14:21:44,588 INFO     ___FILE_ONLY___ ╝

2023-11-10 14:21:44,597 INFO     ___FILE_ONLY___ ╔════════════════════════════════════════════════════════════╗

2023-11-10 14:21:44,597 INFO     ___FILE_ONLY___ ╠═ Creating backup and activating new installation          ═╣

2023-11-10 14:21:44,597 INFO     ___FILE_ONLY___ ╚
2023-11-10 14:21:44,598 DEBUG    root            Attempting to move directory [/tools/google-cloud-sdk] to [/tools/google-cloud-sdk.staging/.install/.backup]
2023-11-10 14:21:44,598 INFO     ___FILE_ONLY___ ══════════════════════════════
2023-11-10 14:21:44,598 DEBUG    root            Attempting to move directory [/tools/google-cloud-sdk.staging] to [/tools/google-cloud-sdk]
2023-11-10 14:21:44,598 INFO     ___FILE_ONLY___ ══════════════════════════════
2023-11-10 14:21:44,598 INFO     ___FILE_ONLY___ ╝

2023-11-10 14:21:44,603 DEBUG    root            Updating notification cache...
2023-11-10 14:21:44,603 INFO     ___FILE_ONLY___ 

2023-11-10 14:21:44,605 INFO     ___FILE_ONLY___ Performing post processing steps...
2023-11-10 14:21:44,605 DEBUG    root            Executing command: ['python3', '-S', '/tools/google-cloud-sdk/lib/gcloud.py', 'components', 'post-process']
2023-11-10 14:21:54,120 DEBUG    ___FILE_ONLY___ 
2023-11-10 14:21:54,121 DEBUG    ___FILE_ONLY___ 
2023-11-10 14:21:54,370 INFO     ___FILE_ONLY___ 
Update done!


2023-11-10 14:21:54,374 DEBUG    root            Chosen display Format:none
2023-11-10 14:21:54,374 INFO     root            Display format: "none"
